#The transform function for train data
transform_train = transforms.Compose([
    transforms.RandomHorizontalFlip(),
    transforms.RandomVerticalFlip(),
    transforms.RandomRotation((-180,180)),
    transforms.RandomAffine(degrees=(-30,30), shear=(-20,20)),
    #transforms.Resize(256),
    #transforms.CenterCrop(224),
    transforms.RandomResizedCrop(224),
    transforms.ToTensor(),
    transforms.Normalize(train_mean, train_std)
])

#The transform function for validation data
transform_val = transforms.Compose([
    transforms.Resize(256),
    transforms.CenterCrop(224),
    transforms.ToTensor(),
    transforms.Normalize(val_mean, val_std)
])

#The transform function for test data
transform_test = transforms.Compose([
    transforms.Resize(256),
    transforms.CenterCrop(224),
    transforms.ToTensor(),
    transforms.Normalize(test_mean, test_std)
])

optimizer = optim.SGD(model.parameters(), lr=0.1, momentum=0.9, weight_decay=0.001)
lr_scheduler = torch.optim.lr_scheduler.ReduceLROnPlateau(optimizer, mode='min', factor=0.3, verbose=True)

cuda
[1,   200]
[1,   400]
[1,   600]
[1,   800]
[1,  1000]
[1,  1200]
[1,  1400]
[1,  1600]
[1,  1800]
[1,  2000]
[1,  2200]
[1,  2400]
[1,  2600]
[1,  2800]
0 Epoch train Loss: 0.0682 Acc: 0.1955
[1,   200]
[1,   400]
[1,   600]
[1,   800]
[1,  1000]
[1,  1200]
[1,  1400]
[1,  1600]
[1,  1800]
[1,  2000]
[1,  2200]
[1,  2400]
[1,  2600]
[1,  2800]
0 Epoch val Loss: 0.0629 Acc: 0.2383
[2,   200]
[2,   400]
[2,   600]
[2,   800]
[2,  1000]
[2,  1200]
[2,  1400]
[2,  1600]
[2,  1800]
[2,  2000]
[2,  2200]
[2,  2400]
[2,  2600]
[2,  2800]
1 Epoch train Loss: 0.0649 Acc: 0.2216
[2,   200]
[2,   400]
[2,   600]
[2,   800]
[2,  1000]
[2,  1200]
[2,  1400]
[2,  1600]
[2,  1800]
[2,  2000]
[2,  2200]
[2,  2400]
[2,  2600]
[2,  2800]
1 Epoch val Loss: 0.0626 Acc: 0.2289
[3,   200]
[3,   400]
[3,   600]
[3,   800]
[3,  1000]
[3,  1200]
[3,  1400]
[3,  1600]
[3,  1800]
[3,  2000]
[3,  2200]
[3,  2400]
[3,  2600]
[3,  2800]
2 Epoch train Loss: 0.0639 Acc: 0.2388
[3,   200]
[3,   400]
[3,   600]
[3,   800]
[3,  1000]
[3,  1200]
[3,  1400]
[3,  1600]
[3,  1800]
[3,  2000]
[3,  2200]
[3,  2400]
[3,  2600]
[3,  2800]
2 Epoch val Loss: 0.0589 Acc: 0.2955
[4,   200]
[4,   400]
[4,   600]
[4,   800]
[4,  1000]
[4,  1200]
[4,  1400]
[4,  1600]
[4,  1800]
[4,  2000]
[4,  2200]
[4,  2400]
[4,  2600]
[4,  2800]
3 Epoch train Loss: 0.0634 Acc: 0.2490
[4,   200]
[4,   400]
[4,   600]
[4,   800]
[4,  1000]
[4,  1200]
[4,  1400]
[4,  1600]
[4,  1800]
[4,  2000]
[4,  2200]
[4,  2400]
[4,  2600]
[4,  2800]
3 Epoch val Loss: 0.0614 Acc: 0.2790
[5,   200]
[5,   400]
[5,   600]
[5,   800]
[5,  1000]
[5,  1200]
[5,  1400]
[5,  1600]
[5,  1800]
[5,  2000]
[5,  2200]
[5,  2400]
[5,  2600]
[5,  2800]
4 Epoch train Loss: 0.0630 Acc: 0.2512
[5,   200]
[5,   400]
[5,   600]
[5,   800]
[5,  1000]
[5,  1200]
[5,  1400]
[5,  1600]
[5,  1800]
[5,  2000]
[5,  2200]
[5,  2400]
[5,  2600]
[5,  2800]
4 Epoch val Loss: 0.0673 Acc: 0.2384
[6,   200]
[6,   400]
[6,   600]
[6,   800]
[6,  1000]
[6,  1200]
[6,  1400]
[6,  1600]
[6,  1800]
[6,  2000]
[6,  2200]
[6,  2400]
[6,  2600]
[6,  2800]
5 Epoch train Loss: 0.0631 Acc: 0.2532
[6,   200]
[6,   400]
[6,   600]
[6,   800]
[6,  1000]
[6,  1200]
[6,  1400]
[6,  1600]
[6,  1800]
[6,  2000]
[6,  2200]
[6,  2400]
[6,  2600]
[6,  2800]
5 Epoch val Loss: 0.0595 Acc: 0.3025
[7,   200]
[7,   400]
[7,   600]
[7,   800]
[7,  1000]
[7,  1200]
[7,  1400]
[7,  1600]
[7,  1800]
[7,  2000]
[7,  2200]
[7,  2400]
[7,  2600]
[7,  2800]
6 Epoch train Loss: 0.0629 Acc: 0.2521
[7,   200]
[7,   400]
[7,   600]
[7,   800]
[7,  1000]
[7,  1200]
[7,  1400]
[7,  1600]
[7,  1800]
[7,  2000]
[7,  2200]
[7,  2400]
[7,  2600]
[7,  2800]
6 Epoch val Loss: 0.0611 Acc: 0.2770
[8,   200]
[8,   400]
[8,   600]
[8,   800]
[8,  1000]
[8,  1200]
[8,  1400]
[8,  1600]
[8,  1800]
[8,  2000]
[8,  2200]
[8,  2400]
[8,  2600]
[8,  2800]
7 Epoch train Loss: 0.0628 Acc: 0.2583
[8,   200]
[8,   400]
[8,   600]
[8,   800]
[8,  1000]
[8,  1200]
[8,  1400]
[8,  1600]
[8,  1800]
[8,  2000]
[8,  2200]
[8,  2400]
[8,  2600]
[8,  2800]
7 Epoch val Loss: 0.0614 Acc: 0.2648
[9,   200]
[9,   400]
[9,   600]
[9,   800]
[9,  1000]
[9,  1200]
[9,  1400]
[9,  1600]
[9,  1800]
[9,  2000]
[9,  2200]
[9,  2400]
[9,  2600]
[9,  2800]
8 Epoch train Loss: 0.0628 Acc: 0.2571
[9,   200]
[9,   400]
[9,   600]
[9,   800]
[9,  1000]
[9,  1200]
[9,  1400]
[9,  1600]
[9,  1800]
[9,  2000]
[9,  2200]
[9,  2400]
[9,  2600]
[9,  2800]
8 Epoch val Loss: 0.0695 Acc: 0.2444
[10,   200]
[10,   400]
[10,   600]
[10,   800]
[10,  1000]
[10,  1200]
[10,  1400]
[10,  1600]
[10,  1800]
[10,  2000]
[10,  2200]
[10,  2400]
[10,  2600]
[10,  2800]
9 Epoch train Loss: 0.0629 Acc: 0.2569
[10,   200]
[10,   400]
[10,   600]
[10,   800]
[10,  1000]
[10,  1200]
[10,  1400]
[10,  1600]
[10,  1800]
[10,  2000]
[10,  2200]
[10,  2400]
[10,  2600]
[10,  2800]
9 Epoch val Loss: 0.0622 Acc: 0.2877
[11,   200]
[11,   400]
[11,   600]
[11,   800]
[11,  1000]
[11,  1200]
[11,  1400]
[11,  1600]
[11,  1800]
[11,  2000]
[11,  2200]
[11,  2400]
[11,  2600]
[11,  2800]
10 Epoch train Loss: 0.0629 Acc: 0.2557
[11,   200]
[11,   400]
[11,   600]
[11,   800]
[11,  1000]
[11,  1200]
[11,  1400]
[11,  1600]
[11,  1800]
[11,  2000]
[11,  2200]
[11,  2400]
[11,  2600]
[11,  2800]
10 Epoch val Loss: 0.0622 Acc: 0.2570
[12,   200]
[12,   400]
[12,   600]
[12,   800]
[12,  1000]
[12,  1200]
[12,  1400]
[12,  1600]
[12,  1800]
[12,  2000]
[12,  2200]
[12,  2400]
[12,  2600]
[12,  2800]
11 Epoch train Loss: 0.0628 Acc: 0.2559
[12,   200]
[12,   400]
[12,   600]
[12,   800]
[12,  1000]
[12,  1200]
[12,  1400]
[12,  1600]
[12,  1800]
[12,  2000]
[12,  2200]
[12,  2400]
[12,  2600]
[12,  2800]
11 Epoch val Loss: 0.0635 Acc: 0.2487
[13,   200]
[13,   400]
[13,   600]
[13,   800]
[13,  1000]
[13,  1200]
[13,  1400]
[13,  1600]
[13,  1800]
[13,  2000]
[13,  2200]
[13,  2400]
[13,  2600]
[13,  2800]
12 Epoch train Loss: 0.0628 Acc: 0.2558
[13,   200]
[13,   400]
[13,   600]
[13,   800]
[13,  1000]
[13,  1200]
[13,  1400]
[13,  1600]
[13,  1800]
[13,  2000]
[13,  2200]
[13,  2400]
[13,  2600]
[13,  2800]
12 Epoch val Loss: 0.0648 Acc: 0.2375
Epoch    12: reducing learning rate of group 0 to 3.0000e-02.
[14,   200]
[14,   400]
[14,   600]
[14,   800]
[14,  1000]
[14,  1200]
[14,  1400]
[14,  1600]
[14,  1800]
[14,  2000]
[14,  2200]
[14,  2400]
[14,  2600]
[14,  2800]
13 Epoch train Loss: 0.0589 Acc: 0.3036
[14,   200]
[14,   400]
[14,   600]
[14,   800]
[14,  1000]
[14,  1200]
[14,  1400]
[14,  1600]
[14,  1800]
[14,  2000]
[14,  2200]
[14,  2400]
[14,  2600]
[14,  2800]
13 Epoch val Loss: 0.0590 Acc: 0.3096
[15,   200]
[15,   400]
[15,   600]
[15,   800]
[15,  1000]
[15,  1200]
[15,  1400]
[15,  1600]
[15,  1800]
[15,  2000]
[15,  2200]
[15,  2400]
[15,  2600]
[15,  2800]
14 Epoch train Loss: 0.0585 Acc: 0.3119
[15,   200]
[15,   400]
[15,   600]
[15,   800]
[15,  1000]
[15,  1200]
[15,  1400]
[15,  1600]
[15,  1800]
[15,  2000]
[15,  2200]
[15,  2400]
[15,  2600]
[15,  2800]
14 Epoch val Loss: 0.0570 Acc: 0.3400
[16,   200]
[16,   400]
[16,   600]
[16,   800]
[16,  1000]
[16,  1200]
[16,  1400]
[16,  1600]
[16,  1800]
[16,  2000]
[16,  2200]
[16,  2400]
[16,  2600]
[16,  2800]
15 Epoch train Loss: 0.0580 Acc: 0.3192
[16,   200]
[16,   400]
[16,   600]
[16,   800]
[16,  1000]
[16,  1200]
[16,  1400]
[16,  1600]
[16,  1800]
[16,  2000]
[16,  2200]
[16,  2400]
[16,  2600]
[16,  2800]
15 Epoch val Loss: 0.0585 Acc: 0.3282
[17,   200]
[17,   400]
[17,   600]
[17,   800]
[17,  1000]
[17,  1200]
[17,  1400]
[17,  1600]
[17,  1800]
[17,  2000]
[17,  2200]
[17,  2400]
[17,  2600]
[17,  2800]
16 Epoch train Loss: 0.0576 Acc: 0.3241
[17,   200]
[17,   400]
[17,   600]
[17,   800]
[17,  1000]
[17,  1200]
[17,  1400]
[17,  1600]
[17,  1800]
[17,  2000]
[17,  2200]
[17,  2400]
[17,  2600]
[17,  2800]
16 Epoch val Loss: 0.0568 Acc: 0.3483
[18,   200]
[18,   400]
[18,   600]
[18,   800]
[18,  1000]
[18,  1200]
[18,  1400]
[18,  1600]
[18,  1800]
[18,  2000]
[18,  2200]
[18,  2400]
[18,  2600]
[18,  2800]
17 Epoch train Loss: 0.0572 Acc: 0.3280
[18,   200]
[18,   400]
[18,   600]
[18,   800]
[18,  1000]
[18,  1200]
[18,  1400]
[18,  1600]
[18,  1800]
[18,  2000]
[18,  2200]
[18,  2400]
[18,  2600]
[18,  2800]
17 Epoch val Loss: 0.0556 Acc: 0.3516
[19,   200]
[19,   400]
[19,   600]
[19,   800]
[19,  1000]
[19,  1200]
[19,  1400]
[19,  1600]
[19,  1800]
[19,  2000]
[19,  2200]
[19,  2400]
[19,  2600]
[19,  2800]
18 Epoch train Loss: 0.0570 Acc: 0.3323
[19,   200]
[19,   400]
[19,   600]
[19,   800]
[19,  1000]
[19,  1200]
[19,  1400]
[19,  1600]
[19,  1800]
[19,  2000]
[19,  2200]
[19,  2400]
[19,  2600]
[19,  2800]
18 Epoch val Loss: 0.0551 Acc: 0.3602
[20,   200]
[20,   400]
[20,   600]
[20,   800]
[20,  1000]
[20,  1200]
[20,  1400]
[20,  1600]
[20,  1800]
[20,  2000]
[20,  2200]
[20,  2400]
[20,  2600]
[20,  2800]
19 Epoch train Loss: 0.0568 Acc: 0.3347
[20,   200]
[20,   400]
[20,   600]
[20,   800]
[20,  1000]
[20,  1200]
[20,  1400]
[20,  1600]
[20,  1800]
[20,  2000]
[20,  2200]
[20,  2400]
[20,  2600]
[20,  2800]
19 Epoch val Loss: 0.0545 Acc: 0.3664
[21,   200]
[21,   400]
[21,   600]
[21,   800]
[21,  1000]
[21,  1200]
[21,  1400]
[21,  1600]
[21,  1800]
[21,  2000]

[21,  2200]
[21,  2400]
[21,  2600]
[21,  2800]
20 Epoch train Loss: 0.0567 Acc: 0.3362
[21,   200]
[21,   400]
[21,   600]
[21,   800]
[21,  1000]
[21,  1200]
[21,  1400]
[21,  1600]
[21,  1800]
[21,  2000]
[21,  2200]
[21,  2400]
[21,  2600]
[21,  2800]
20 Epoch val Loss: 0.0531 Acc: 0.3816
[22,   200]
[22,   400]
[22,   600]
[22,   800]
[22,  1000]
[22,  1200]
[22,  1400]
[22,  1600]
[22,  1800]
[22,  2000]
[22,  2200]
[22,  2400]
[22,  2600]
[22,  2800]
21 Epoch train Loss: 0.0565 Acc: 0.3391
[22,   200]
[22,   400]
[22,   600]
[22,   800]
[22,  1000]
[22,  1200]
[22,  1400]
[22,  1600]
[22,  1800]
[22,  2000]
[22,  2200]
[22,  2400]
[22,  2600]
[22,  2800]
21 Epoch val Loss: 0.0545 Acc: 0.3574
[23,   200]
[23,   400]
[23,   600]
[23,   800]
[23,  1000]
[23,  1200]
[23,  1400]
[23,  1600]
[23,  1800]
[23,  2000]
[23,  2200]
[23,  2400]
[23,  2600]
[23,  2800]
22 Epoch train Loss: 0.0562 Acc: 0.3443
[23,   200]
[23,   400]
[23,   600]
[23,   800]
[23,  1000]
[23,  1200]
[23,  1400]
[23,  1600]
[23,  1800]
[23,  2000]
[23,  2200]
[23,  2400]
[23,  2600]
[23,  2800]
22 Epoch val Loss: 0.0541 Acc: 0.3656
[24,   200]
[24,   400]
[24,   600]
[24,   800]
[24,  1000]
[24,  1200]
[24,  1400]
[24,  1600]
[24,  1800]
[24,  2000]
[24,  2200]
[24,  2400]
[24,  2600]
[24,  2800]
23 Epoch train Loss: 0.0561 Acc: 0.3452
[24,   200]
[24,   400]
[24,   600]
[24,   800]
[24,  1000]
[24,  1200]
[24,  1400]
[24,  1600]
[24,  1800]
[24,  2000]
[24,  2200]
[24,  2400]
[24,  2600]
[24,  2800]
23 Epoch val Loss: 0.0543 Acc: 0.3781
Epoch    23: reducing learning rate of group 0 to 9.0000e-03.
[25,   200]
[25,   400]
[25,   600]
[25,   800]
[25,  1000]
[25,  1200]
[25,  1400]
[25,  1600]
[25,  1800]
[25,  2000]
[25,  2200]
[25,  2400]
[25,  2600]
[25,  2800]
24 Epoch train Loss: 0.0519 Acc: 0.3931
[25,   200]
[25,   400]
[25,   600]
[25,   800]
[25,  1000]
[25,  1200]
[25,  1400]
[25,  1600]
[25,  1800]
[25,  2000]
[25,  2200]
[25,  2400]
[25,  2600]
[25,  2800]
24 Epoch val Loss: 0.0476 Acc: 0.4382
[26,   200]
[26,   400]
[26,   600]
[26,   800]
[26,  1000]
[26,  1200]
[26,  1400]
[26,  1600]
[26,  1800]
[26,  2000]
[26,  2200]
[26,  2400]
[26,  2600]
[26,  2800]
25 Epoch train Loss: 0.0517 Acc: 0.4003
[26,   200]
[26,   400]
[26,   600]
[26,   800]
[26,  1000]
[26,  1200]
[26,  1400]
[26,  1600]
[26,  1800]
[26,  2000]
[26,  2200]
[26,  2400]
[26,  2600]
[26,  2800]
25 Epoch val Loss: 0.0467 Acc: 0.4557
[27,   200]
[27,   400]
[27,   600]
[27,   800]
[27,  1000]
[27,  1200]
[27,  1400]
[27,  1600]
[27,  1800]
[27,  2000]
[27,  2200]
[27,  2400]
[27,  2600]
[27,  2800]
26 Epoch train Loss: 0.0515 Acc: 0.4023
[27,   200]
[27,   400]
[27,   600]
[27,   800]
[27,  1000]
[27,  1200]
[27,  1400]
[27,  1600]
[27,  1800]
[27,  2000]
[27,  2200]
[27,  2400]
[27,  2600]
[27,  2800]
26 Epoch val Loss: 0.0464 Acc: 0.4598
[28,   200]
[28,   400]
[28,   600]
[28,   800]
[28,  1000]
[28,  1200]
[28,  1400]
[28,  1600]
[28,  1800]
[28,  2000]
[28,  2200]
[28,  2400]
[28,  2600]
[28,  2800]
27 Epoch train Loss: 0.0513 Acc: 0.4050
[28,   200]
[28,   400]
[28,   600]
[28,   800]
[28,  1000]
[28,  1200]
[28,  1400]
[28,  1600]
[28,  1800]
[28,  2000]
[28,  2200]
[28,  2400]
[28,  2600]
[28,  2800]
27 Epoch val Loss: 0.0516 Acc: 0.4136
[29,   200]
[29,   400]
[29,   600]
[29,   800]
[29,  1000]
[29,  1200]
[29,  1400]
[29,  1600]
[29,  1800]
[29,  2000]
[29,  2200]
[29,  2400]
[29,  2600]
[29,  2800]
28 Epoch train Loss: 0.0510 Acc: 0.4069
[29,   200]
[29,   400]
[29,   600]
[29,   800]
[29,  1000]
[29,  1200]
[29,  1400]
[29,  1600]
[29,  1800]
[29,  2000]
[29,  2200]
[29,  2400]
[29,  2600]
[29,  2800]
28 Epoch val Loss: 0.0489 Acc: 0.4343
[30,   200]
[30,   400]
[30,   600]
[30,   800]
[30,  1000]
[30,  1200]
[30,  1400]
[30,  1600]
[30,  1800]
[30,  2000]
[30,  2200]
[30,  2400]
[30,  2600]
[30,  2800]
29 Epoch train Loss: 0.0509 Acc: 0.4103
[30,   200]
[30,   400]
[30,   600]
[30,   800]
[30,  1000]
[30,  1200]
[30,  1400]
[30,  1600]
[30,  1800]
[30,  2000]
[30,  2200]
[30,  2400]
[30,  2600]
[30,  2800]
29 Epoch val Loss: 0.0488 Acc: 0.4268
[31,   200]
[31,   400]
[31,   600]
[31,   800]
[31,  1000]
[31,  1200]
[31,  1400]
[31,  1600]
[31,  1800]
[31,  2000]
[31,  2200]
[31,  2400]
[31,  2600]
[31,  2800]
30 Epoch train Loss: 0.0507 Acc: 0.4124
[31,   200]
[31,   400]
[31,   600]
[31,   800]
[31,  1000]
[31,  1200]
[31,  1400]
[31,  1600]
[31,  1800]
[31,  2000]
[31,  2200]
[31,  2400]
[31,  2600]
[31,  2800]
30 Epoch val Loss: 0.0479 Acc: 0.4483
[32,   200]
[32,   400]
[32,   600]
[32,   800]
[32,  1000]
[32,  1200]
[32,  1400]
[32,  1600]
[32,  1800]
[32,  2000]
[32,  2200]
[32,  2400]
[32,  2600]
[32,  2800]
31 Epoch train Loss: 0.0505 Acc: 0.4138
[32,   200]
[32,   400]
[32,   600]
[32,   800]
[32,  1000]
[32,  1200]
[32,  1400]
[32,  1600]
[32,  1800]
[32,  2000]
[32,  2200]
[32,  2400]
[32,  2600]
[32,  2800]
31 Epoch val Loss: 0.0457 Acc: 0.4675
[33,   200]
[33,   400]
[33,   600]
[33,   800]
[33,  1000]
[33,  1200]
[33,  1400]
[33,  1600]
[33,  1800]
[33,  2000]
[33,  2200]
[33,  2400]
[33,  2600]
[33,  2800]
32 Epoch train Loss: 0.0503 Acc: 0.4167
[33,   200]
[33,   400]
[33,   600]
[33,   800]
[33,  1000]
[33,  1200]
[33,  1400]
[33,  1600]
[33,  1800]
[33,  2000]
[33,  2200]
[33,  2400]
[33,  2600]
[33,  2800]
32 Epoch val Loss: 0.0478 Acc: 0.4501
[34,   200]
[34,   400]
[34,   600]
[34,   800]
[34,  1000]
[34,  1200]
[34,  1400]
[34,  1600]
[34,  1800]
[34,  2000]
[34,  2200]
[34,  2400]
[34,  2600]
[34,  2800]
33 Epoch train Loss: 0.0502 Acc: 0.4187
[34,   200]
[34,   400]
[34,   600]
[34,   800]
[34,  1000]
[34,  1200]
[34,  1400]
[34,  1600]
[34,  1800]
[34,  2000]
[34,  2200]
[34,  2400]
[34,  2600]
[34,  2800]
33 Epoch val Loss: 0.0475 Acc: 0.4522
[35,   200]
[35,   400]
[35,   600]
[35,   800]
[35,  1000]
[35,  1200]
[35,  1400]
[35,  1600]
[35,  1800]
[35,  2000]
[35,  2200]
[35,  2400]
[35,  2600]
[35,  2800]
34 Epoch train Loss: 0.0501 Acc: 0.4195
[35,   200]
[35,   400]
[35,   600]
[35,   800]
[35,  1000]
[35,  1200]
[35,  1400]
[35,  1600]
[35,  1800]
[35,  2000]
[35,  2200]
[35,  2400]
[35,  2600]
[35,  2800]
34 Epoch val Loss: 0.0502 Acc: 0.4213
Epoch    34: reducing learning rate of group 0 to 2.7000e-03.
[36,   200]
[36,   400]
[36,   600]
[36,   800]
[36,  1000]
[36,  1200]
[36,  1400]
[36,  1600]
[36,  1800]
[36,  2000]
[36,  2200]
[36,  2400]
[36,  2600]
[36,  2800]
35 Epoch train Loss: 0.0467 Acc: 0.4626
[36,   200]
[36,   400]
[36,   600]
[36,   800]
[36,  1000]
[36,  1200]
[36,  1400]
[36,  1600]
[36,  1800]
[36,  2000]
[36,  2200]
[36,  2400]
[36,  2600]
[36,  2800]
35 Epoch val Loss: 0.0415 Acc: 0.5209
[37,   200]
[37,   400]
[37,   600]
[37,   800]
[37,  1000]
[37,  1200]
[37,  1400]
[37,  1600]
[37,  1800]
[37,  2000]
[37,  2200]
[37,  2400]
[37,  2600]
[37,  2800]
36 Epoch train Loss: 0.0461 Acc: 0.4677
[37,   200]
[37,   400]
[37,   600]
[37,   800]
[37,  1000]
[37,  1200]
[37,  1400]
[37,  1600]
[37,  1800]
[37,  2000]
[37,  2200]
[37,  2400]
[37,  2600]
[37,  2800]
36 Epoch val Loss: 0.0409 Acc: 0.5274
[38,   200]
[38,   400]
[38,   600]
[38,   800]
[38,  1000]
[38,  1200]
[38,  1400]
[38,  1600]
[38,  1800]
[38,  2000]
[38,  2200]
[38,  2400]
[38,  2600]
[38,  2800]
37 Epoch train Loss: 0.0460 Acc: 0.4718
[38,   200]
[38,   400]
[38,   600]
[38,   800]
[38,  1000]
[38,  1200]
[38,  1400]
[38,  1600]
[38,  1800]
[38,  2000]
[38,  2200]
[38,  2400]
[38,  2600]
[38,  2800]
37 Epoch val Loss: 0.0411 Acc: 0.5249
[39,   200]
[39,   400]
[39,   600]
[39,   800]
[39,  1000]
[39,  1200]
[39,  1400]
[39,  1600]
[39,  1800]
[39,  2000]
[39,  2200]
[39,  2400]
[39,  2600]
[39,  2800]
38 Epoch train Loss: 0.0459 Acc: 0.4694
[39,   200]
[39,   400]
[39,   600]
[39,   800]
[39,  1000]
[39,  1200]
[39,  1400]
[39,  1600]
[39,  1800]
[39,  2000]
[39,  2200]
[39,  2400]
[39,  2600]
[39,  2800]
38 Epoch val Loss: 0.0411 Acc: 0.5321
[40,   200]
[40,   400]
[40,   600]
[40,   800]
[40,  1000]
[40,  1200]
[40,  1400]
[40,  1600]
[40,  1800]
[40,  2000]
[40,  2200]
[40,  2400]
[40,  2600]
[40,  2800]
39 Epoch train Loss: 0.0457 Acc: 0.4736
[40,   200]
[40,   400]
[40,   600]
[40,   800]
[40,  1000]
[40,  1200]
[40,  1400]
[40,  1600]
[40,  1800]
[40,  2000]

[40,  2200]
[40,  2400]
[40,  2600]
[40,  2800]
39 Epoch val Loss: 0.0409 Acc: 0.5254
[41,   200]
[41,   400]
[41,   600]
[41,   800]
[41,  1000]
[41,  1200]
[41,  1400]
[41,  1600]
[41,  1800]
[41,  2000]
[41,  2200]
[41,  2400]
[41,  2600]
[41,  2800]
40 Epoch train Loss: 0.0458 Acc: 0.4736
[41,   200]
[41,   400]
[41,   600]
[41,   800]
[41,  1000]
[41,  1200]
[41,  1400]
[41,  1600]
[41,  1800]
[41,  2000]
[41,  2200]
[41,  2400]
[41,  2600]
[41,  2800]
40 Epoch val Loss: 0.0411 Acc: 0.5271
[42,   200]
[42,   400]
[42,   600]
[42,   800]
[42,  1000]
[42,  1200]
[42,  1400]
[42,  1600]
[42,  1800]
[42,  2000]
[42,  2200]
[42,  2400]
[42,  2600]
[42,  2800]
41 Epoch train Loss: 0.0457 Acc: 0.4747
[42,   200]
[42,   400]
[42,   600]
[42,   800]
[42,  1000]
[42,  1200]
[42,  1400]
[42,  1600]
[42,  1800]
[42,  2000]
[42,  2200]
[42,  2400]
[42,  2600]
[42,  2800]
41 Epoch val Loss: 0.0403 Acc: 0.5418
[43,   200]
[43,   400]
[43,   600]
[43,   800]
[43,  1000]
[43,  1200]
[43,  1400]
[43,  1600]
[43,  1800]
[43,  2000]
[43,  2200]
[43,  2400]
[43,  2600]
[43,  2800]
42 Epoch train Loss: 0.0455 Acc: 0.4764
[43,   200]
[43,   400]
[43,   600]
[43,   800]
[43,  1000]
[43,  1200]
[43,  1400]
[43,  1600]
[43,  1800]
[43,  2000]
[43,  2200]
[43,  2400]
[43,  2600]
[43,  2800]
42 Epoch val Loss: 0.0406 Acc: 0.5351
[44,   200]
[44,   400]
[44,   600]
[44,   800]
[44,  1000]
[44,  1200]
[44,  1400]
[44,  1600]
[44,  1800]
[44,  2000]
[44,  2200]
[44,  2400]
[44,  2600]
[44,  2800]
43 Epoch train Loss: 0.0454 Acc: 0.4781
[44,   200]
[44,   400]
[44,   600]
[44,   800]
[44,  1000]
[44,  1200]
[44,  1400]
[44,  1600]
[44,  1800]
[44,  2000]
[44,  2200]
[44,  2400]
[44,  2600]
[44,  2800]
43 Epoch val Loss: 0.0403 Acc: 0.5356
[45,   200]
[45,   400]
[45,   600]
[45,   800]
[45,  1000]
[45,  1200]
[45,  1400]
[45,  1600]
[45,  1800]
[45,  2000]
[45,  2200]
[45,  2400]
[45,  2600]
[45,  2800]
44 Epoch train Loss: 0.0453 Acc: 0.4775
[45,   200]
[45,   400]
[45,   600]
[45,   800]
[45,  1000]
[45,  1200]
[45,  1400]
[45,  1600]
[45,  1800]
[45,  2000]
[45,  2200]
[45,  2400]
[45,  2600]
[45,  2800]
44 Epoch val Loss: 0.0412 Acc: 0.5281
[46,   200]
[46,   400]
[46,   600]
[46,   800]
[46,  1000]
[46,  1200]
[46,  1400]
[46,  1600]
[46,  1800]
[46,  2000]
[46,  2200]
[46,  2400]
[46,  2600]
[46,  2800]
45 Epoch train Loss: 0.0452 Acc: 0.4823
[46,   200]
[46,   400]
[46,   600]
[46,   800]
[46,  1000]
[46,  1200]
[46,  1400]
[46,  1600]
[46,  1800]
[46,  2000]
[46,  2200]
[46,  2400]
[46,  2600]
[46,  2800]
45 Epoch val Loss: 0.0396 Acc: 0.5442
Epoch    45: reducing learning rate of group 0 to 8.1000e-04.
[47,   200]
[47,   400]
[47,   600]
[47,   800]
[47,  1000]
[47,  1200]
[47,  1400]
[47,  1600]
[47,  1800]
[47,  2000]
[47,  2200]
[47,  2400]
[47,  2600]
[47,  2800]
46 Epoch train Loss: 0.0428 Acc: 0.5111
[47,   200]
[47,   400]
[47,   600]
[47,   800]
[47,  1000]
[47,  1200]
[47,  1400]
[47,  1600]
[47,  1800]
[47,  2000]
[47,  2200]
[47,  2400]
[47,  2600]
[47,  2800]
46 Epoch val Loss: 0.0372 Acc: 0.5772
[48,   200]
[48,   400]
[48,   600]
[48,   800]
[48,  1000]
[48,  1200]
[48,  1400]
[48,  1600]
[48,  1800]
[48,  2000]
[48,  2200]
[48,  2400]
[48,  2600]
[48,  2800]
47 Epoch train Loss: 0.0421 Acc: 0.5187
[48,   200]
[48,   400]
[48,   600]
[48,   800]
[48,  1000]
[48,  1200]
[48,  1400]
[48,  1600]
[48,  1800]
[48,  2000]
[48,  2200]
[48,  2400]
[48,  2600]
[48,  2800]
47 Epoch val Loss: 0.0367 Acc: 0.5795
[49,   200]
[49,   400]
[49,   600]
[49,   800]
[49,  1000]
[49,  1200]
[49,  1400]
[49,  1600]
[49,  1800]
[49,  2000]
[49,  2200]
[49,  2400]
[49,  2600]
[49,  2800]
48 Epoch train Loss: 0.0418 Acc: 0.5218
[49,   200]
[49,   400]
[49,   600]
[49,   800]
[49,  1000]
[49,  1200]
[49,  1400]
[49,  1600]
[49,  1800]
[49,  2000]
[49,  2200]
[49,  2400]
[49,  2600]
[49,  2800]
48 Epoch val Loss: 0.0375 Acc: 0.5754
[50,   200]
[50,   400]
[50,   600]
[50,   800]
[50,  1000]
[50,  1200]
[50,  1400]
[50,  1600]
[50,  1800]
[50,  2000]
[50,  2200]
[50,  2400]
[50,  2600]
[50,  2800]
49 Epoch train Loss: 0.0417 Acc: 0.5229
[50,   200]
[50,   400]
[50,   600]
[50,   800]
[50,  1000]
[50,  1200]
[50,  1400]
[50,  1600]
[50,  1800]
[50,  2000]
[50,  2200]
[50,  2400]
[50,  2600]
[50,  2800]
49 Epoch val Loss: 0.0372 Acc: 0.5746
[51,   200]
[51,   400]
[51,   600]
[51,   800]
[51,  1000]
[51,  1200]
[51,  1400]
[51,  1600]
[51,  1800]
[51,  2000]
[51,  2200]
[51,  2400]
[51,  2600]
[51,  2800]
50 Epoch train Loss: 0.0416 Acc: 0.5241
[51,   200]
[51,   400]
[51,   600]
[51,   800]
[51,  1000]
[51,  1200]
[51,  1400]
[51,  1600]
[51,  1800]
[51,  2000]
[51,  2200]
[51,  2400]
[51,  2600]
[51,  2800]
50 Epoch val Loss: 0.0364 Acc: 0.5864
[52,   200]
[52,   400]
[52,   600]
[52,   800]
[52,  1000]
[52,  1200]
[52,  1400]
[52,  1600]
[52,  1800]
[52,  2000]
[52,  2200]
[52,  2400]
[52,  2600]
[52,  2800]
51 Epoch train Loss: 0.0415 Acc: 0.5270
[52,   200]
[52,   400]
[52,   600]
[52,   800]
[52,  1000]
[52,  1200]
[52,  1400]
[52,  1600]
[52,  1800]
[52,  2000]
[52,  2200]
[52,  2400]
[52,  2600]
[52,  2800]
51 Epoch val Loss: 0.0361 Acc: 0.5883
[53,   200]
[53,   400]
[53,   600]
[53,   800]
[53,  1000]
[53,  1200]
[53,  1400]
[53,  1600]
[53,  1800]
[53,  2000]
[53,  2200]
[53,  2400]
[53,  2600]
[53,  2800]
52 Epoch train Loss: 0.0415 Acc: 0.5254
[53,   200]
[53,   400]
[53,   600]
[53,   800]
[53,  1000]
[53,  1200]
[53,  1400]
[53,  1600]
[53,  1800]
[53,  2000]
[53,  2200]
[53,  2400]
[53,  2600]
[53,  2800]
52 Epoch val Loss: 0.0362 Acc: 0.5870
[54,   200]
[54,   400]
[54,   600]
[54,   800]
[54,  1000]
[54,  1200]
[54,  1400]
[54,  1600]
[54,  1800]
[54,  2000]
[54,  2200]
[54,  2400]
[54,  2600]
[54,  2800]
53 Epoch train Loss: 0.0413 Acc: 0.5277
[54,   200]
[54,   400]
[54,   600]
[54,   800]
[54,  1000]
[54,  1200]
[54,  1400]
[54,  1600]
[54,  1800]
[54,  2000]
[54,  2200]
[54,  2400]
[54,  2600]
[54,  2800]
53 Epoch val Loss: 0.0359 Acc: 0.5866
[55,   200]
[55,   400]
[55,   600]
[55,   800]
[55,  1000]
[55,  1200]
[55,  1400]
[55,  1600]
[55,  1800]
[55,  2000]
[55,  2200]
[55,  2400]
[55,  2600]
[55,  2800]
54 Epoch train Loss: 0.0414 Acc: 0.5289
[55,   200]
[55,   400]
[55,   600]
[55,   800]
[55,  1000]
[55,  1200]
[55,  1400]
[55,  1600]
[55,  1800]
[55,  2000]
[55,  2200]
[55,  2400]
[55,  2600]
[55,  2800]
54 Epoch val Loss: 0.0372 Acc: 0.5808
[56,   200]
[56,   400]
[56,   600]
[56,   800]
[56,  1000]
[56,  1200]
[56,  1400]
[56,  1600]
[56,  1800]
[56,  2000]
[56,  2200]
[56,  2400]
[56,  2600]
[56,  2800]
55 Epoch train Loss: 0.0411 Acc: 0.5300
[56,   200]
[56,   400]
[56,   600]
[56,   800]
[56,  1000]
[56,  1200]
[56,  1400]
[56,  1600]
[56,  1800]
[56,  2000]
[56,  2200]
[56,  2400]
[56,  2600]
[56,  2800]
55 Epoch val Loss: 0.0363 Acc: 0.5865
[57,   200]
[57,   400]
[57,   600]
[57,   800]
[57,  1000]
[57,  1200]
[57,  1400]
[57,  1600]
[57,  1800]
[57,  2000]
[57,  2200]
[57,  2400]
[57,  2600]
[57,  2800]
56 Epoch train Loss: 0.0412 Acc: 0.5298
[57,   200]
[57,   400]
[57,   600]
[57,   800]
[57,  1000]
[57,  1200]
[57,  1400]
[57,  1600]
[57,  1800]
[57,  2000]
[57,  2200]
[57,  2400]
[57,  2600]
[57,  2800]
56 Epoch val Loss: 0.0366 Acc: 0.5834
Epoch    56: reducing learning rate of group 0 to 2.4300e-04.
[58,   200]
[58,   400]
[58,   600]
[58,   800]
[58,  1000]
[58,  1200]
[58,  1400]
[58,  1600]
[58,  1800]
[58,  2000]
[58,  2200]
[58,  2400]
[58,  2600]
[58,  2800]
57 Epoch train Loss: 0.0397 Acc: 0.5480
[58,   200]
[58,   400]
[58,   600]
[58,   800]
[58,  1000]
[58,  1200]
[58,  1400]
[58,  1600]
[58,  1800]
[58,  2000]
[58,  2200]
[58,  2400]
[58,  2600]
[58,  2800]
57 Epoch val Loss: 0.0344 Acc: 0.6094
[59,   200]
[59,   400]
[59,   600]
[59,   800]
[59,  1000]
[59,  1200]
[59,  1400]
[59,  1600]
[59,  1800]
[59,  2000]
[59,  2200]
[59,  2400]
[59,  2600]
[59,  2800]
58 Epoch train Loss: 0.0393 Acc: 0.5532
[59,   200]
[59,   400]
[59,   600]
[59,   800]
[59,  1000]
[59,  1200]
[59,  1400]
[59,  1600]
[59,  1800]
[59,  2000]
[59,  2200]
[59,  2400]
[59,  2600]
[59,  2800]
58 Epoch val Loss: 0.0341 Acc: 0.6109
[60,   200]
[60,   400]
[60,   600]
[60,   800]
[60,  1000]
[60,  1200]
[60,  1400]
[60,  1600]
[60,  1800]
[60,  2000]

[60,  2200]
[60,  2400]
[60,  2600]
[60,  2800]
59 Epoch train Loss: 0.0392 Acc: 0.5539
[60,   200]
[60,   400]
[60,   600]
[60,   800]
[60,  1000]
[60,  1200]
[60,  1400]
[60,  1600]
[60,  1800]
[60,  2000]
[60,  2200]
[60,  2400]
[60,  2600]
[60,  2800]
59 Epoch val Loss: 0.0338 Acc: 0.6173
[61,   200]
[61,   400]
[61,   600]
[61,   800]
[61,  1000]
[61,  1200]
[61,  1400]
[61,  1600]
[61,  1800]
[61,  2000]
[61,  2200]
[61,  2400]
[61,  2600]
[61,  2800]
60 Epoch train Loss: 0.0389 Acc: 0.5572
[61,   200]
[61,   400]
[61,   600]
[61,   800]
[61,  1000]
[61,  1200]
[61,  1400]
[61,  1600]
[61,  1800]
[61,  2000]
[61,  2200]
[61,  2400]
[61,  2600]
[61,  2800]
60 Epoch val Loss: 0.0340 Acc: 0.6159
[62,   200]
[62,   400]
[62,   600]
[62,   800]
[62,  1000]
[62,  1200]
[62,  1400]
[62,  1600]
[62,  1800]
[62,  2000]
[62,  2200]
[62,  2400]
[62,  2600]
[62,  2800]
61 Epoch train Loss: 0.0388 Acc: 0.5571
[62,   200]
[62,   400]
[62,   600]
[62,   800]
[62,  1000]
[62,  1200]
[62,  1400]
[62,  1600]
[62,  1800]
[62,  2000]
[62,  2200]
[62,  2400]
[62,  2600]
[62,  2800]
61 Epoch val Loss: 0.0335 Acc: 0.6201
[63,   200]
[63,   400]
[63,   600]
[63,   800]
[63,  1000]
[63,  1200]
[63,  1400]
[63,  1600]
[63,  1800]
[63,  2000]
[63,  2200]
[63,  2400]
[63,  2600]
[63,  2800]
62 Epoch train Loss: 0.0387 Acc: 0.5607
[63,   200]
[63,   400]
[63,   600]
[63,   800]
[63,  1000]
[63,  1200]
[63,  1400]
[63,  1600]
[63,  1800]
[63,  2000]
[63,  2200]
[63,  2400]
[63,  2600]
[63,  2800]
62 Epoch val Loss: 0.0333 Acc: 0.6234
[64,   200]
[64,   400]
[64,   600]
[64,   800]
[64,  1000]
[64,  1200]
[64,  1400]
[64,  1600]
[64,  1800]
[64,  2000]
[64,  2200]
[64,  2400]
[64,  2600]
[64,  2800]
63 Epoch train Loss: 0.0386 Acc: 0.5604
[64,   200]
[64,   400]
[64,   600]
[64,   800]
[64,  1000]
[64,  1200]
[64,  1400]
[64,  1600]
[64,  1800]
[64,  2000]
[64,  2200]
[64,  2400]
[64,  2600]
[64,  2800]
63 Epoch val Loss: 0.0337 Acc: 0.6190
[65,   200]
[65,   400]
[65,   600]
[65,   800]
[65,  1000]
[65,  1200]
[65,  1400]
[65,  1600]
[65,  1800]
[65,  2000]
[65,  2200]
[65,  2400]
[65,  2600]
[65,  2800]
64 Epoch train Loss: 0.0385 Acc: 0.5621
[65,   200]
[65,   400]
[65,   600]
[65,   800]
[65,  1000]
[65,  1200]
[65,  1400]
[65,  1600]
[65,  1800]
[65,  2000]
[65,  2200]
[65,  2400]
[65,  2600]
[65,  2800]
64 Epoch val Loss: 0.0334 Acc: 0.6232
[66,   200]
[66,   400]
[66,   600]
[66,   800]
[66,  1000]
[66,  1200]
[66,  1400]
[66,  1600]
[66,  1800]
[66,  2000]
[66,  2200]
[66,  2400]
[66,  2600]
[66,  2800]
65 Epoch train Loss: 0.0384 Acc: 0.5624
[66,   200]
[66,   400]
[66,   600]
[66,   800]
[66,  1000]
[66,  1200]
[66,  1400]
[66,  1600]
[66,  1800]
[66,  2000]
[66,  2200]
[66,  2400]
[66,  2600]
[66,  2800]
65 Epoch val Loss: 0.0332 Acc: 0.6236
[67,   200]
[67,   400]
[67,   600]
[67,   800]
[67,  1000]
[67,  1200]
[67,  1400]
[67,  1600]
[67,  1800]
[67,  2000]
[67,  2200]
[67,  2400]
[67,  2600]
[67,  2800]
66 Epoch train Loss: 0.0384 Acc: 0.5639
[67,   200]
[67,   400]
[67,   600]
[67,   800]
[67,  1000]
[67,  1200]
[67,  1400]
[67,  1600]
[67,  1800]
[67,  2000]
[67,  2200]
[67,  2400]
[67,  2600]
[67,  2800]
66 Epoch val Loss: 0.0336 Acc: 0.6216
[68,   200]
[68,   400]
[68,   600]
[68,   800]
[68,  1000]
[68,  1200]
[68,  1400]
[68,  1600]
[68,  1800]
[68,  2000]
[68,  2200]
[68,  2400]
[68,  2600]
[68,  2800]
67 Epoch train Loss: 0.0383 Acc: 0.5654
[68,   200]
[68,   400]
[68,   600]
[68,   800]
[68,  1000]
[68,  1200]
[68,  1400]
[68,  1600]
[68,  1800]
[68,  2000]
[68,  2200]
[68,  2400]
[68,  2600]
[68,  2800]
67 Epoch val Loss: 0.0337 Acc: 0.6202
Epoch    67: reducing learning rate of group 0 to 7.2900e-05.
[69,   200]
[69,   400]
[69,   600]
[69,   800]
[69,  1000]
[69,  1200]
[69,  1400]
[69,  1600]
[69,  1800]
[69,  2000]
[69,  2200]
[69,  2400]
[69,  2600]
[69,  2800]
68 Epoch train Loss: 0.0377 Acc: 0.5724
[69,   200]
[69,   400]
[69,   600]
[69,   800]
[69,  1000]
[69,  1200]
[69,  1400]
[69,  1600]
[69,  1800]
[69,  2000]
[69,  2200]
[69,  2400]
[69,  2600]
[69,  2800]
68 Epoch val Loss: 0.0324 Acc: 0.6335
[70,   200]
[70,   400]
[70,   600]
[70,   800]
[70,  1000]
[70,  1200]
[70,  1400]
[70,  1600]
[70,  1800]
[70,  2000]
[70,  2200]
[70,  2400]
[70,  2600]
[70,  2800]
69 Epoch train Loss: 0.0375 Acc: 0.5750
[70,   200]
[70,   400]
[70,   600]
[70,   800]
[70,  1000]
[70,  1200]
[70,  1400]
[70,  1600]
[70,  1800]
[70,  2000]
[70,  2200]
[70,  2400]
[70,  2600]
[70,  2800]
69 Epoch val Loss: 0.0333 Acc: 0.6240
[71,   200]
[71,   400]
[71,   600]
[71,   800]
[71,  1000]
[71,  1200]
[71,  1400]
[71,  1600]
[71,  1800]
[71,  2000]
[71,  2200]
[71,  2400]
[71,  2600]
[71,  2800]
70 Epoch train Loss: 0.0374 Acc: 0.5766
[71,   200]
[71,   400]
[71,   600]
[71,   800]
[71,  1000]
[71,  1200]
[71,  1400]
[71,  1600]
[71,  1800]
[71,  2000]
[71,  2200]
[71,  2400]
[71,  2600]
[71,  2800]
70 Epoch val Loss: 0.0325 Acc: 0.6343
[72,   200]
[72,   400]
[72,   600]
[72,   800]
[72,  1000]
[72,  1200]
[72,  1400]
[72,  1600]
[72,  1800]
[72,  2000]
[72,  2200]
[72,  2400]
[72,  2600]
[72,  2800]
71 Epoch train Loss: 0.0373 Acc: 0.5761
[72,   200]
[72,   400]
[72,   600]
[72,   800]
[72,  1000]
[72,  1200]
[72,  1400]
[72,  1600]
[72,  1800]
[72,  2000]
[72,  2200]
[72,  2400]
[72,  2600]
[72,  2800]
71 Epoch val Loss: 0.0323 Acc: 0.6360
[73,   200]
[73,   400]
[73,   600]
[73,   800]
[73,  1000]
[73,  1200]
[73,  1400]
[73,  1600]
[73,  1800]
[73,  2000]
[73,  2200]
[73,  2400]
[73,  2600]
[73,  2800]
72 Epoch train Loss: 0.0372 Acc: 0.5781
[73,   200]
[73,   400]
[73,   600]
[73,   800]
[73,  1000]
[73,  1200]
[73,  1400]
[73,  1600]
[73,  1800]
[73,  2000]
[73,  2200]
[73,  2400]
[73,  2600]
[73,  2800]
72 Epoch val Loss: 0.0320 Acc: 0.6404
[74,   200]
[74,   400]
[74,   600]
[74,   800]
[74,  1000]
[74,  1200]
[74,  1400]
[74,  1600]
[74,  1800]
[74,  2000]
[74,  2200]
[74,  2400]
[74,  2600]
[74,  2800]
73 Epoch train Loss: 0.0372 Acc: 0.5765
[74,   200]
[74,   400]
[74,   600]
[74,   800]
[74,  1000]
[74,  1200]
[74,  1400]
[74,  1600]
[74,  1800]
[74,  2000]
[74,  2200]
[74,  2400]
[74,  2600]
[74,  2800]
73 Epoch val Loss: 0.0320 Acc: 0.6385
[75,   200]
[75,   400]
[75,   600]
[75,   800]
[75,  1000]
[75,  1200]
[75,  1400]
[75,  1600]
[75,  1800]
[75,  2000]
[75,  2200]
[75,  2400]
[75,  2600]
[75,  2800]
74 Epoch train Loss: 0.0371 Acc: 0.5813
[75,   200]
[75,   400]
[75,   600]
[75,   800]
[75,  1000]
[75,  1200]
[75,  1400]
[75,  1600]
[75,  1800]
[75,  2000]
[75,  2200]
[75,  2400]
[75,  2600]
[75,  2800]
74 Epoch val Loss: 0.0321 Acc: 0.6384
[76,   200]
[76,   400]
[76,   600]
[76,   800]
[76,  1000]
[76,  1200]
[76,  1400]
[76,  1600]
[76,  1800]
[76,  2000]
[76,  2200]
[76,  2400]
[76,  2600]
[76,  2800]
75 Epoch train Loss: 0.0371 Acc: 0.5793
[76,   200]
[76,   400]
[76,   600]
[76,   800]
[76,  1000]
[76,  1200]
[76,  1400]
[76,  1600]
[76,  1800]
[76,  2000]
[76,  2200]
[76,  2400]
[76,  2600]
[76,  2800]
75 Epoch val Loss: 0.0322 Acc: 0.6365
[77,   200]
[77,   400]
[77,   600]
[77,   800]
[77,  1000]
[77,  1200]
[77,  1400]
[77,  1600]
[77,  1800]
[77,  2000]
[77,  2200]
[77,  2400]
[77,  2600]
[77,  2800]
76 Epoch train Loss: 0.0371 Acc: 0.5788
[77,   200]
[77,   400]
[77,   600]
[77,   800]
[77,  1000]
[77,  1200]
[77,  1400]
[77,  1600]
[77,  1800]
[77,  2000]
[77,  2200]
[77,  2400]
[77,  2600]
[77,  2800]
76 Epoch val Loss: 0.0320 Acc: 0.6380
[78,   200]
[78,   400]
[78,   600]
[78,   800]
[78,  1000]
[78,  1200]
[78,  1400]
[78,  1600]
[78,  1800]
[78,  2000]
[78,  2200]
[78,  2400]
[78,  2600]
[78,  2800]
77 Epoch train Loss: 0.0369 Acc: 0.5813
[78,   200]
[78,   400]
[78,   600]
[78,   800]
[78,  1000]
[78,  1200]
[78,  1400]
[78,  1600]
[78,  1800]
[78,  2000]
[78,  2200]
[78,  2400]
[78,  2600]
[78,  2800]
77 Epoch val Loss: 0.0317 Acc: 0.6435
[79,   200]
[79,   400]
[79,   600]
[79,   800]
[79,  1000]
[79,  1200]
[79,  1400]
[79,  1600]
[79,  1800]
[79,  2000]
[79,  2200]
[79,  2400]
[79,  2600]
[79,  2800]
78 Epoch train Loss: 0.0367 Acc: 0.5833
[79,   200]
[79,   400]
[79,   600]
[79,   800]
[79,  1000]
[79,  1200]
[79,  1400]
[79,  1600]
[79,  1800]
[79,  2000]
[79,  2200]
[79,  2400]
[79,  2600]
[79,  2800]
78 Epoch val Loss: 0.0316 Acc: 0.6437
Epoch    78: reducing learning rate of group 0 to 2.1870e-05.

[80,   200]
[80,   400]
[80,   600]
[80,   800]
[80,  1000]
[80,  1200]
[80,  1400]
[80,  1600]
[80,  1800]
[80,  2000]
[80,  2200]
[80,  2400]
[80,  2600]
[80,  2800]
79 Epoch train Loss: 0.0366 Acc: 0.5865
[80,   200]
[80,   400]
[80,   600]
[80,   800]
[80,  1000]
[80,  1200]
[80,  1400]
[80,  1600]
[80,  1800]
[80,  2000]
[80,  2200]
[80,  2400]
[80,  2600]
[80,  2800]
79 Epoch val Loss: 0.0317 Acc: 0.6434
[81,   200]
[81,   400]
[81,   600]
[81,   800]
[81,  1000]
[81,  1200]
[81,  1400]
[81,  1600]
[81,  1800]
[81,  2000]
[81,  2200]
[81,  2400]
[81,  2600]
[81,  2800]
80 Epoch train Loss: 0.0366 Acc: 0.5851
[81,   200]
[81,   400]
[81,   600]
[81,   800]
[81,  1000]
[81,  1200]
[81,  1400]
[81,  1600]
[81,  1800]
[81,  2000]
[81,  2200]
[81,  2400]
[81,  2600]
[81,  2800]
80 Epoch val Loss: 0.0316 Acc: 0.6441
[82,   200]
[82,   400]
[82,   600]
[82,   800]
[82,  1000]
[82,  1200]
[82,  1400]
[82,  1600]
[82,  1800]
[82,  2000]
[82,  2200]
[82,  2400]
[82,  2600]
[82,  2800]
81 Epoch train Loss: 0.0366 Acc: 0.5848
[82,   200]
[82,   400]
[82,   600]
[82,   800]
[82,  1000]
[82,  1200]
[82,  1400]
[82,  1600]
[82,  1800]
[82,  2000]
[82,  2200]
[82,  2400]
[82,  2600]
[82,  2800]
81 Epoch val Loss: 0.0315 Acc: 0.6451
[83,   200]
[83,   400]
[83,   600]
[83,   800]
[83,  1000]
[83,  1200]
[83,  1400]
[83,  1600]
[83,  1800]
[83,  2000]
[83,  2200]
[83,  2400]
[83,  2600]
[83,  2800]
82 Epoch train Loss: 0.0365 Acc: 0.5846
[83,   200]
[83,   400]
[83,   600]
[83,   800]
[83,  1000]
[83,  1200]
[83,  1400]
[83,  1600]
[83,  1800]
[83,  2000]
[83,  2200]
[83,  2400]
[83,  2600]
[83,  2800]
82 Epoch val Loss: 0.0315 Acc: 0.6451
[84,   200]
[84,   400]
[84,   600]
[84,   800]
[84,  1000]
[84,  1200]
[84,  1400]
[84,  1600]
[84,  1800]
[84,  2000]
[84,  2200]
[84,  2400]
[84,  2600]
[84,  2800]
83 Epoch train Loss: 0.0364 Acc: 0.5861
[84,   200]
[84,   400]
[84,   600]
[84,   800]
[84,  1000]
[84,  1200]
[84,  1400]
[84,  1600]
[84,  1800]
[84,  2000]
[84,  2200]
[84,  2400]
[84,  2600]
[84,  2800]
83 Epoch val Loss: 0.0313 Acc: 0.6472
[85,   200]
[85,   400]
[85,   600]
[85,   800]
[85,  1000]
[85,  1200]
[85,  1400]
[85,  1600]
[85,  1800]
[85,  2000]
[85,  2200]
[85,  2400]
[85,  2600]
[85,  2800]
84 Epoch train Loss: 0.0365 Acc: 0.5866
[85,   200]
[85,   400]
[85,   600]
[85,   800]
[85,  1000]
[85,  1200]
[85,  1400]
[85,  1600]
[85,  1800]
[85,  2000]
[85,  2200]
[85,  2400]
[85,  2600]
[85,  2800]
84 Epoch val Loss: 0.0322 Acc: 0.6376
[86,   200]
[86,   400]
[86,   600]
[86,   800]
[86,  1000]
[86,  1200]
[86,  1400]
[86,  1600]
[86,  1800]
[86,  2000]
[86,  2200]
[86,  2400]
[86,  2600]
[86,  2800]
85 Epoch train Loss: 0.0364 Acc: 0.5868
[86,   200]
[86,   400]
[86,   600]
[86,   800]
[86,  1000]
[86,  1200]
[86,  1400]
[86,  1600]
[86,  1800]
[86,  2000]
[86,  2200]
[86,  2400]
[86,  2600]
[86,  2800]
85 Epoch val Loss: 0.0320 Acc: 0.6402
[87,   200]
[87,   400]
[87,   600]
[87,   800]
[87,  1000]
[87,  1200]
[87,  1400]
[87,  1600]
[87,  1800]
[87,  2000]
[87,  2200]
[87,  2400]
[87,  2600]
[87,  2800]
86 Epoch train Loss: 0.0363 Acc: 0.5876
[87,   200]
[87,   400]
[87,   600]
[87,   800]
[87,  1000]
[87,  1200]
[87,  1400]
[87,  1600]
[87,  1800]
[87,  2000]
[87,  2200]
[87,  2400]
[87,  2600]
[87,  2800]
86 Epoch val Loss: 0.0314 Acc: 0.6470
[88,   200]
[88,   400]
[88,   600]
[88,   800]
[88,  1000]
[88,  1200]
[88,  1400]
[88,  1600]
[88,  1800]
[88,  2000]
[88,  2200]
[88,  2400]
[88,  2600]
[88,  2800]
87 Epoch train Loss: 0.0363 Acc: 0.5863
[88,   200]
[88,   400]
[88,   600]
[88,   800]
[88,  1000]
[88,  1200]
[88,  1400]
[88,  1600]
[88,  1800]
[88,  2000]
[88,  2200]
[88,  2400]
[88,  2600]
[88,  2800]
87 Epoch val Loss: 0.0319 Acc: 0.6406
[89,   200]
[89,   400]
[89,   600]
[89,   800]
[89,  1000]
[89,  1200]
[89,  1400]
[89,  1600]
[89,  1800]
[89,  2000]
[89,  2200]
[89,  2400]
[89,  2600]
[89,  2800]
88 Epoch train Loss: 0.0365 Acc: 0.5846
[89,   200]
[89,   400]
[89,   600]
[89,   800]
[89,  1000]
[89,  1200]
[89,  1400]
[89,  1600]
[89,  1800]
[89,  2000]
[89,  2200]
[89,  2400]
[89,  2600]
[89,  2800]
88 Epoch val Loss: 0.0317 Acc: 0.6436
[90,   200]
[90,   400]
[90,   600]
[90,   800]
[90,  1000]
[90,  1200]
[90,  1400]
[90,  1600]
[90,  1800]
[90,  2000]
[90,  2200]
[90,  2400]
[90,  2600]
[90,  2800]
89 Epoch train Loss: 0.0364 Acc: 0.5877
[90,   200]
[90,   400]
[90,   600]
[90,   800]
[90,  1000]
[90,  1200]
[90,  1400]
[90,  1600]
[90,  1800]
[90,  2000]
[90,  2200]
[90,  2400]
[90,  2600]
[90,  2800]
89 Epoch val Loss: 0.0316 Acc: 0.6453
Epoch    89: reducing learning rate of group 0 to 6.5610e-06.
[91,   200]
[91,   400]
[91,   600]
[91,   800]
[91,  1000]
[91,  1200]
[91,  1400]
[91,  1600]
[91,  1800]
[91,  2000]
[91,  2200]
[91,  2400]
[91,  2600]
[91,  2800]
90 Epoch train Loss: 0.0362 Acc: 0.5900
[91,   200]
[91,   400]
[91,   600]
[91,   800]
[91,  1000]
[91,  1200]
[91,  1400]
[91,  1600]
[91,  1800]
[91,  2000]
[91,  2200]
[91,  2400]
[91,  2600]
[91,  2800]
90 Epoch val Loss: 0.0311 Acc: 0.6488
[92,   200]
[92,   400]
[92,   600]
[92,   800]
[92,  1000]
[92,  1200]
[92,  1400]
[92,  1600]
[92,  1800]
[92,  2000]
[92,  2200]
[92,  2400]
[92,  2600]
[92,  2800]
91 Epoch train Loss: 0.0363 Acc: 0.5881
[92,   200]
[92,   400]
[92,   600]
[92,   800]
[92,  1000]
[92,  1200]
[92,  1400]
[92,  1600]
[92,  1800]
[92,  2000]
[92,  2200]
[92,  2400]
[92,  2600]
[92,  2800]
91 Epoch val Loss: 0.0314 Acc: 0.6474
[93,   200]
[93,   400]
[93,   600]
[93,   800]
[93,  1000]
[93,  1200]
[93,  1400]
[93,  1600]
[93,  1800]
[93,  2000]
[93,  2200]
[93,  2400]
[93,  2600]
[93,  2800]
92 Epoch train Loss: 0.0362 Acc: 0.5894
[93,   200]
[93,   400]
[93,   600]
[93,   800]
[93,  1000]
[93,  1200]
[93,  1400]
[93,  1600]
[93,  1800]
[93,  2000]
[93,  2200]
[93,  2400]
[93,  2600]
[93,  2800]
92 Epoch val Loss: 0.0313 Acc: 0.6471
[94,   200]
[94,   400]
[94,   600]
[94,   800]
[94,  1000]
[94,  1200]
[94,  1400]
[94,  1600]
[94,  1800]
[94,  2000]
[94,  2200]
[94,  2400]
[94,  2600]
[94,  2800]
93 Epoch train Loss: 0.0362 Acc: 0.5891
[94,   200]
[94,   400]
[94,   600]
[94,   800]
[94,  1000]
[94,  1200]
[94,  1400]
[94,  1600]
[94,  1800]
[94,  2000]
[94,  2200]
[94,  2400]
[94,  2600]
[94,  2800]
93 Epoch val Loss: 0.0314 Acc: 0.6462
[95,   200]
[95,   400]
[95,   600]
[95,   800]
[95,  1000]
[95,  1200]
[95,  1400]
[95,  1600]
[95,  1800]
[95,  2000]
[95,  2200]
[95,  2400]
[95,  2600]
[95,  2800]
94 Epoch train Loss: 0.0363 Acc: 0.5904
[95,   200]
[95,   400]
[95,   600]
[95,   800]
[95,  1000]
[95,  1200]
[95,  1400]
[95,  1600]
[95,  1800]
[95,  2000]
[95,  2200]
[95,  2400]
[95,  2600]
[95,  2800]
94 Epoch val Loss: 0.0313 Acc: 0.6472
[96,   200]
[96,   400]
[96,   600]
[96,   800]
[96,  1000]
[96,  1200]
[96,  1400]
[96,  1600]
[96,  1800]
[96,  2000]
[96,  2200]
[96,  2400]
[96,  2600]
[96,  2800]
95 Epoch train Loss: 0.0362 Acc: 0.5877
[96,   200]
[96,   400]
[96,   600]
[96,   800]
[96,  1000]
[96,  1200]
[96,  1400]
[96,  1600]
[96,  1800]
[96,  2000]
[96,  2200]
[96,  2400]
[96,  2600]
[96,  2800]
95 Epoch val Loss: 0.0315 Acc: 0.6458
[97,   200]
[97,   400]
[97,   600]
[97,   800]
[97,  1000]
[97,  1200]
[97,  1400]
[97,  1600]
[97,  1800]
[97,  2000]
[97,  2200]
[97,  2400]
[97,  2600]
[97,  2800]
96 Epoch train Loss: 0.0360 Acc: 0.5912
[97,   200]
[97,   400]
[97,   600]
[97,   800]
[97,  1000]
[97,  1200]
[97,  1400]
[97,  1600]
[97,  1800]
[97,  2000]
[97,  2200]
[97,  2400]
[97,  2600]
[97,  2800]
96 Epoch val Loss: 0.0313 Acc: 0.6475
[98,   200]
[98,   400]
[98,   600]
[98,   800]
[98,  1000]
[98,  1200]
[98,  1400]
[98,  1600]
[98,  1800]
[98,  2000]
[98,  2200]
[98,  2400]
[98,  2600]
[98,  2800]
97 Epoch train Loss: 0.0362 Acc: 0.5905
[98,   200]
[98,   400]
[98,   600]
[98,   800]
[98,  1000]
[98,  1200]
[98,  1400]
[98,  1600]
[98,  1800]
[98,  2000]
[98,  2200]
[98,  2400]
[98,  2600]
[98,  2800]
97 Epoch val Loss: 0.0312 Acc: 0.6480
[99,   200]
[99,   400]
[99,   600]
[99,   800]
[99,  1000]
[99,  1200]
[99,  1400]
[99,  1600]
[99,  1800]
[99,  2000]
[99,  2200]
[99,  2400]
[99,  2600]
[99,  2800]
98 Epoch train Loss: 0.0362 Acc: 0.5898
[99,   200]
[99,   400]
[99,   600]
[99,   800]
[99,  1000]

[99,  1200]
[99,  1400]
[99,  1600]
[99,  1800]
[99,  2000]
[99,  2200]
[99,  2400]
[99,  2600]
[99,  2800]
98 Epoch val Loss: 0.0314 Acc: 0.6465
[100,   200]
[100,   400]
[100,   600]
[100,   800]
[100,  1000]
[100,  1200]
[100,  1400]
[100,  1600]
[100,  1800]
[100,  2000]
[100,  2200]
[100,  2400]
[100,  2600]
[100,  2800]
99 Epoch train Loss: 0.0362 Acc: 0.5893
[100,   200]
[100,   400]
[100,   600]
[100,   800]
[100,  1000]
[100,  1200]
[100,  1400]
[100,  1600]
[100,  1800]
[100,  2000]
[100,  2200]
[100,  2400]
[100,  2600]
[100,  2800]
99 Epoch val Loss: 0.0315 Acc: 0.6453
[101,   200]
[101,   400]
[101,   600]
[101,   800]
[101,  1000]
[101,  1200]
[101,  1400]
[101,  1600]
[101,  1800]
[101,  2000]
[101,  2200]
[101,  2400]
[101,  2600]
[101,  2800]
100 Epoch train Loss: 0.0361 Acc: 0.5922
[101,   200]
[101,   400]
[101,   600]
[101,   800]
[101,  1000]
[101,  1200]
[101,  1400]
[101,  1600]
[101,  1800]
[101,  2000]
[101,  2200]
[101,  2400]
[101,  2600]
[101,  2800]
100 Epoch val Loss: 0.0316 Acc: 0.6442
Epoch   100: reducing learning rate of group 0 to 1.9683e-06.
[102,   200]
[102,   400]
[102,   600]
[102,   800]
[102,  1000]
[102,  1200]
[102,  1400]
[102,  1600]
[102,  1800]
[102,  2000]
[102,  2200]
[102,  2400]
[102,  2600]
[102,  2800]
101 Epoch train Loss: 0.0362 Acc: 0.5887
[102,   200]
[102,   400]
[102,   600]
[102,   800]
[102,  1000]
[102,  1200]
[102,  1400]
[102,  1600]
[102,  1800]
[102,  2000]
[102,  2200]
[102,  2400]
[102,  2600]
[102,  2800]
101 Epoch val Loss: 0.0312 Acc: 0.6489
[103,   200]
[103,   400]
[103,   600]
[103,   800]
[103,  1000]
[103,  1200]
[103,  1400]
[103,  1600]
[103,  1800]
[103,  2000]
[103,  2200]
[103,  2400]
[103,  2600]
[103,  2800]
102 Epoch train Loss: 0.0362 Acc: 0.5886
[103,   200]
[103,   400]
[103,   600]
[103,   800]
[103,  1000]
[103,  1200]
[103,  1400]
[103,  1600]
[103,  1800]
[103,  2000]
[103,  2200]
[103,  2400]
[103,  2600]
[103,  2800]
102 Epoch val Loss: 0.0314 Acc: 0.6466
[104,   200]
[104,   400]
[104,   600]
[104,   800]
[104,  1000]
[104,  1200]
[104,  1400]
[104,  1600]
[104,  1800]
[104,  2000]
[104,  2200]
[104,  2400]
[104,  2600]
[104,  2800]
103 Epoch train Loss: 0.0361 Acc: 0.5893
[104,   200]
[104,   400]
[104,   600]
[104,   800]
[104,  1000]
[104,  1200]
[104,  1400]
[104,  1600]
[104,  1800]
[104,  2000]
[104,  2200]
[104,  2400]
[104,  2600]
[104,  2800]
103 Epoch val Loss: 0.0315 Acc: 0.6460
[105,   200]
[105,   400]
[105,   600]
[105,   800]
[105,  1000]
[105,  1200]
[105,  1400]
[105,  1600]
[105,  1800]
[105,  2000]
[105,  2200]
[105,  2400]
[105,  2600]
[105,  2800]
104 Epoch train Loss: 0.0360 Acc: 0.5914
[105,   200]
[105,   400]
[105,   600]
[105,   800]
[105,  1000]
[105,  1200]
[105,  1400]
[105,  1600]
[105,  1800]
[105,  2000]
[105,  2200]
[105,  2400]
[105,  2600]
[105,  2800]
104 Epoch val Loss: 0.0311 Acc: 0.6497
[106,   200]
[106,   400]
[106,   600]
[106,   800]
[106,  1000]
[106,  1200]
[106,  1400]
[106,  1600]
[106,  1800]
[106,  2000]
[106,  2200]
[106,  2400]
[106,  2600]
[106,  2800]
105 Epoch train Loss: 0.0361 Acc: 0.5901
[106,   200]
[106,   400]
[106,   600]
[106,   800]
[106,  1000]
[106,  1200]
[106,  1400]
[106,  1600]
[106,  1800]
[106,  2000]
[106,  2200]
[106,  2400]
[106,  2600]
[106,  2800]
105 Epoch val Loss: 0.0311 Acc: 0.6493
[107,   200]
[107,   400]
[107,   600]
[107,   800]
[107,  1000]
[107,  1200]
[107,  1400]
[107,  1600]
[107,  1800]
[107,  2000]
[107,  2200]
[107,  2400]
[107,  2600]
[107,  2800]
106 Epoch train Loss: 0.0359 Acc: 0.5926
[107,   200]
[107,   400]
[107,   600]
[107,   800]
[107,  1000]
[107,  1200]
[107,  1400]
[107,  1600]
[107,  1800]
[107,  2000]
[107,  2200]
[107,  2400]
[107,  2600]
[107,  2800]
106 Epoch val Loss: 0.0313 Acc: 0.6476
[108,   200]
[108,   400]
[108,   600]
[108,   800]
[108,  1000]
[108,  1200]
[108,  1400]
[108,  1600]
[108,  1800]
[108,  2000]
[108,  2200]
[108,  2400]
[108,  2600]
[108,  2800]
107 Epoch train Loss: 0.0361 Acc: 0.5913
[108,   200]
[108,   400]
[108,   600]
[108,   800]
[108,  1000]
[108,  1200]
[108,  1400]
[108,  1600]
[108,  1800]
[108,  2000]
[108,  2200]
[108,  2400]
[108,  2600]
[108,  2800]
107 Epoch val Loss: 0.0313 Acc: 0.6487
[109,   200]
[109,   400]
[109,   600]
[109,   800]
[109,  1000]
[109,  1200]
[109,  1400]
[109,  1600]
[109,  1800]
[109,  2000]
[109,  2200]
[109,  2400]
[109,  2600]
[109,  2800]
108 Epoch train Loss: 0.0362 Acc: 0.5899
[109,   200]
[109,   400]
[109,   600]
[109,   800]
[109,  1000]
[109,  1200]
[109,  1400]
[109,  1600]
[109,  1800]
[109,  2000]
[109,  2200]
[109,  2400]
[109,  2600]
[109,  2800]
108 Epoch val Loss: 0.0316 Acc: 0.6456
[110,   200]
[110,   400]
[110,   600]
[110,   800]
[110,  1000]
[110,  1200]
[110,  1400]
[110,  1600]
[110,  1800]
[110,  2000]
[110,  2200]
[110,  2400]
[110,  2600]
[110,  2800]
109 Epoch train Loss: 0.0360 Acc: 0.5922
[110,   200]
[110,   400]
[110,   600]
[110,   800]
[110,  1000]
[110,  1200]
[110,  1400]
[110,  1600]
[110,  1800]
[110,  2000]
[110,  2200]
[110,  2400]
[110,  2600]
[110,  2800]
109 Epoch val Loss: 0.0316 Acc: 0.6443
[111,   200]
[111,   400]
[111,   600]
[111,   800]
[111,  1000]
[111,  1200]
[111,  1400]
[111,  1600]
[111,  1800]
[111,  2000]
[111,  2200]
[111,  2400]
[111,  2600]
[111,  2800]
110 Epoch train Loss: 0.0359 Acc: 0.5937
[111,   200]
[111,   400]
[111,   600]
[111,   800]
[111,  1000]
[111,  1200]
[111,  1400]
[111,  1600]
[111,  1800]
[111,  2000]
[111,  2200]
[111,  2400]
[111,  2600]
[111,  2800]
110 Epoch val Loss: 0.0312 Acc: 0.6484
[112,   200]
[112,   400]
[112,   600]
[112,   800]
[112,  1000]
[112,  1200]
[112,  1400]
[112,  1600]
[112,  1800]
[112,  2000]
[112,  2200]
[112,  2400]
[112,  2600]
[112,  2800]
111 Epoch train Loss: 0.0359 Acc: 0.5925
[112,   200]
[112,   400]
[112,   600]
[112,   800]
[112,  1000]
[112,  1200]
[112,  1400]
[112,  1600]
[112,  1800]
[112,  2000]
[112,  2200]
[112,  2400]
[112,  2600]
[112,  2800]
111 Epoch val Loss: 0.0313 Acc: 0.6474
Epoch   111: reducing learning rate of group 0 to 5.9049e-07.
[113,   200]
[113,   400]
[113,   600]
[113,   800]
[113,  1000]
[113,  1200]
[113,  1400]
[113,  1600]
[113,  1800]
[113,  2000]
[113,  2200]
[113,  2400]
[113,  2600]
[113,  2800]
112 Epoch train Loss: 0.0360 Acc: 0.5921
[113,   200]
[113,   400]
[113,   600]
[113,   800]
[113,  1000]
[113,  1200]
[113,  1400]
[113,  1600]
[113,  1800]
[113,  2000]
[113,  2200]
[113,  2400]
[113,  2600]
[113,  2800]
112 Epoch val Loss: 0.0314 Acc: 0.6459
[114,   200]
[114,   400]
[114,   600]
[114,   800]
[114,  1000]
[114,  1200]
[114,  1400]
[114,  1600]
[114,  1800]
[114,  2000]
[114,  2200]
[114,  2400]
[114,  2600]
[114,  2800]
113 Epoch train Loss: 0.0361 Acc: 0.5906
[114,   200]
[114,   400]
[114,   600]
[114,   800]
[114,  1000]
[114,  1200]
[114,  1400]
[114,  1600]
[114,  1800]
[114,  2000]
[114,  2200]
[114,  2400]
[114,  2600]
[114,  2800]
113 Epoch val Loss: 0.0316 Acc: 0.6455
[115,   200]
[115,   400]
[115,   600]
[115,   800]
[115,  1000]
[115,  1200]
[115,  1400]
[115,  1600]
[115,  1800]
[115,  2000]
[115,  2200]
[115,  2400]
[115,  2600]
[115,  2800]
114 Epoch train Loss: 0.0360 Acc: 0.5902
[115,   200]
[115,   400]
[115,   600]
[115,   800]
[115,  1000]
[115,  1200]
[115,  1400]
[115,  1600]
[115,  1800]
[115,  2000]
[115,  2200]
[115,  2400]
[115,  2600]
[115,  2800]
114 Epoch val Loss: 0.0316 Acc: 0.6449
[116,   200]
[116,   400]
[116,   600]
[116,   800]
[116,  1000]
[116,  1200]
[116,  1400]
[116,  1600]
[116,  1800]
[116,  2000]
[116,  2200]
[116,  2400]
[116,  2600]
[116,  2800]
115 Epoch train Loss: 0.0360 Acc: 0.5921
[116,   200]
[116,   400]
[116,   600]
[116,   800]
[116,  1000]
[116,  1200]
[116,  1400]
[116,  1600]
[116,  1800]
[116,  2000]
[116,  2200]
[116,  2400]
[116,  2600]
[116,  2800]
115 Epoch val Loss: 0.0320 Acc: 0.6399
[117,   200]
[117,   400]
[117,   600]
[117,   800]
[117,  1000]
[117,  1200]
[117,  1400]
[117,  1600]
[117,  1800]
[117,  2000]
[117,  2200]
[117,  2400]
[117,  2600]
[117,  2800]
116 Epoch train Loss: 0.0361 Acc: 0.5907
[117,   200]
[117,   400]
[117,   600]
[117,   800]
[117,  1000]
[117,  1200]
[117,  1400]
[117,  1600]
[117,  1800]
[117,  2000]
[117,  2200]
[117,  2400]

[117,  2600]
[117,  2800]
116 Epoch val Loss: 0.0314 Acc: 0.6468
[118,   200]
[118,   400]
[118,   600]
[118,   800]
[118,  1000]
[118,  1200]
[118,  1400]
[118,  1600]
[118,  1800]
[118,  2000]
[118,  2200]
[118,  2400]
[118,  2600]
[118,  2800]
117 Epoch train Loss: 0.0361 Acc: 0.5908
[118,   200]
[118,   400]
[118,   600]
[118,   800]
[118,  1000]
[118,  1200]
[118,  1400]
[118,  1600]
[118,  1800]
[118,  2000]
[118,  2200]
[118,  2400]
[118,  2600]
[118,  2800]
117 Epoch val Loss: 0.0313 Acc: 0.6473
[119,   200]
[119,   400]
[119,   600]
[119,   800]
[119,  1000]
[119,  1200]
[119,  1400]
[119,  1600]
[119,  1800]
[119,  2000]
[119,  2200]
[119,  2400]
[119,  2600]
[119,  2800]
118 Epoch train Loss: 0.0361 Acc: 0.5911
[119,   200]
[119,   400]
[119,   600]
[119,   800]
[119,  1000]
[119,  1200]
[119,  1400]
[119,  1600]
[119,  1800]
[119,  2000]
[119,  2200]
[119,  2400]
[119,  2600]
[119,  2800]
118 Epoch val Loss: 0.0314 Acc: 0.6475
[120,   200]
[120,   400]
[120,   600]
[120,   800]
[120,  1000]
[120,  1200]
[120,  1400]
[120,  1600]
[120,  1800]
[120,  2000]
[120,  2200]
[120,  2400]
[120,  2600]
[120,  2800]
119 Epoch train Loss: 0.0360 Acc: 0.5930
[120,   200]
[120,   400]
[120,   600]
[120,   800]
[120,  1000]
[120,  1200]
[120,  1400]
[120,  1600]
[120,  1800]
[120,  2000]
[120,  2200]
[120,  2400]
[120,  2600]
[120,  2800]
119 Epoch val Loss: 0.0314 Acc: 0.6470
[121,   200]
[121,   400]
[121,   600]
[121,   800]
[121,  1000]
[121,  1200]
[121,  1400]
[121,  1600]
[121,  1800]
[121,  2000]
[121,  2200]
[121,  2400]
[121,  2600]
[121,  2800]
120 Epoch train Loss: 0.0360 Acc: 0.5927
[121,   200]
[121,   400]
[121,   600]
[121,   800]
[121,  1000]
[121,  1200]
[121,  1400]
[121,  1600]
[121,  1800]
[121,  2000]
[121,  2200]
[121,  2400]
[121,  2600]
[121,  2800]
120 Epoch val Loss: 0.0312 Acc: 0.6486
[122,   200]
[122,   400]
[122,   600]
[122,   800]
[122,  1000]
[122,  1200]
[122,  1400]
[122,  1600]
[122,  1800]
[122,  2000]
[122,  2200]
[122,  2400]
[122,  2600]
[122,  2800]
121 Epoch train Loss: 0.0361 Acc: 0.5903
[122,   200]
[122,   400]
[122,   600]
[122,   800]
[122,  1000]
[122,  1200]
[122,  1400]
[122,  1600]
[122,  1800]
[122,  2000]
[122,  2200]
[122,  2400]
[122,  2600]
[122,  2800]
121 Epoch val Loss: 0.0313 Acc: 0.6475
[123,   200]
[123,   400]
[123,   600]
[123,   800]
[123,  1000]
[123,  1200]
[123,  1400]
[123,  1600]
[123,  1800]
[123,  2000]
[123,  2200]
[123,  2400]
[123,  2600]
[123,  2800]
122 Epoch train Loss: 0.0361 Acc: 0.5916
[123,   200]
[123,   400]
[123,   600]
[123,   800]
[123,  1000]
[123,  1200]
[123,  1400]
[123,  1600]
[123,  1800]
[123,  2000]
[123,  2200]
[123,  2400]
[123,  2600]
[123,  2800]
122 Epoch val Loss: 0.0314 Acc: 0.6463
Epoch   122: reducing learning rate of group 0 to 1.7715e-07.
[124,   200]
[124,   400]
[124,   600]
[124,   800]
[124,  1000]
[124,  1200]
[124,  1400]
[124,  1600]
[124,  1800]
[124,  2000]
[124,  2200]
[124,  2400]
[124,  2600]
[124,  2800]
123 Epoch train Loss: 0.0360 Acc: 0.5926
[124,   200]
[124,   400]
[124,   600]
[124,   800]
[124,  1000]
[124,  1200]
[124,  1400]
[124,  1600]
[124,  1800]
[124,  2000]
[124,  2200]
[124,  2400]
[124,  2600]
[124,  2800]
123 Epoch val Loss: 0.0316 Acc: 0.6449
[125,   200]
[125,   400]
[125,   600]
[125,   800]
[125,  1000]
[125,  1200]
[125,  1400]
[125,  1600]
[125,  1800]
[125,  2000]
[125,  2200]
[125,  2400]
[125,  2600]
[125,  2800]
124 Epoch train Loss: 0.0360 Acc: 0.5916
[125,   200]
[125,   400]
[125,   600]
[125,   800]
[125,  1000]
[125,  1200]
[125,  1400]
[125,  1600]
[125,  1800]
[125,  2000]
[125,  2200]
[125,  2400]
[125,  2600]
[125,  2800]
124 Epoch val Loss: 0.0316 Acc: 0.6458
[126,   200]
[126,   400]
[126,   600]
[126,   800]
[126,  1000]
[126,  1200]
[126,  1400]
[126,  1600]
[126,  1800]
[126,  2000]
[126,  2200]
[126,  2400]
[126,  2600]
[126,  2800]
125 Epoch train Loss: 0.0361 Acc: 0.5903
[126,   200]
[126,   400]
[126,   600]
[126,   800]
[126,  1000]
[126,  1200]
[126,  1400]
[126,  1600]
[126,  1800]
[126,  2000]
[126,  2200]
[126,  2400]
[126,  2600]
[126,  2800]
125 Epoch val Loss: 0.0311 Acc: 0.6497
[127,   200]
[127,   400]
[127,   600]
[127,   800]
[127,  1000]
[127,  1200]
[127,  1400]
[127,  1600]
[127,  1800]
[127,  2000]
[127,  2200]
[127,  2400]
[127,  2600]
[127,  2800]
126 Epoch train Loss: 0.0360 Acc: 0.5920
[127,   200]
[127,   400]
[127,   600]
[127,   800]
[127,  1000]
[127,  1200]
[127,  1400]
[127,  1600]
[127,  1800]
[127,  2000]
[127,  2200]
[127,  2400]
[127,  2600]
[127,  2800]
126 Epoch val Loss: 0.0313 Acc: 0.6473
[128,   200]
[128,   400]
[128,   600]
[128,   800]
[128,  1000]
[128,  1200]
[128,  1400]
[128,  1600]
[128,  1800]
[128,  2000]
[128,  2200]
[128,  2400]
[128,  2600]
[128,  2800]
127 Epoch train Loss: 0.0360 Acc: 0.5929
[128,   200]
[128,   400]
[128,   600]
[128,   800]
[128,  1000]
[128,  1200]
[128,  1400]
[128,  1600]
[128,  1800]
[128,  2000]
[128,  2200]
[128,  2400]
[128,  2600]
[128,  2800]
127 Epoch val Loss: 0.0313 Acc: 0.6493

